<?xml version="1.0" encoding="UTF-8"?>
<testng-results skipped="0" failed="1" total="1" passed="0">
  <reporter-output>
  </reporter-output>
  <suite name="Default suite" duration-ms="19755" started-at="2017-06-11T06:43:05Z" finished-at="2017-06-11T06:43:25Z">
    <groups>
    </groups>
    <test name="Default test" duration-ms="19755" started-at="2017-06-11T06:43:05Z" finished-at="2017-06-11T06:43:25Z">
      <class name="com.techaviator.demo.ScenarioComponents.RediffUserLogin">
        <test-method status="PASS" signature="beforeSuite()[pri:0, instance:com.techaviator.demo.ScenarioComponents.RediffUserLogin@6093dd95]" name="beforeSuite" is-config="true" duration-ms="282" started-at="2017-06-11T12:13:05Z" finished-at="2017-06-11T12:13:05Z">
          <reporter-output>
          </reporter-output>
        </test-method> <!-- beforeSuite -->
        <test-method status="PASS" signature="launchApplication()[pri:0, instance:com.techaviator.demo.ScenarioComponents.RediffUserLogin@6093dd95]" name="launchApplication" is-config="true" duration-ms="10890" started-at="2017-06-11T12:13:06Z" finished-at="2017-06-11T12:13:17Z">
          <reporter-output>
          </reporter-output>
        </test-method> <!-- launchApplication -->
        <test-method status="PASS" signature="beforeMethod()[pri:0, instance:com.techaviator.demo.ScenarioComponents.RediffUserLogin@6093dd95]" name="beforeMethod" is-config="true" duration-ms="39" started-at="2017-06-11T12:13:17Z" finished-at="2017-06-11T12:13:17Z">
          <reporter-output>
          </reporter-output>
        </test-method> <!-- beforeMethod -->
        <test-method status="FAIL" signature="userLogin_Valid(java.util.Map)[pri:0, instance:com.techaviator.demo.ScenarioComponents.RediffUserLogin@6093dd95]" name="userLogin_Valid" duration-ms="2276" started-at="2017-06-11T12:13:17Z" data-provider="RediffTestData" finished-at="2017-06-11T12:13:19Z">
          <params>
            <param index="0">
              <value>
                <![CDATA[{TC_Order=1.0, UserName=rajutest.2017@rediffmail.com, ExpectedResult=Raju, TC_ID=GB_07, TC_Execute=Y, TC_Script=Valid, Password=password}]]>
              </value>
            </param>
          </params>
          <exception class="java.lang.NullPointerException">
            <full-stacktrace>
              <![CDATA[java.lang.NullPointerException
	at com.techaviator.demo.GenericComponents.RediffBaseClass.containsFullImageValidation(RediffBaseClass.java:134)
	at com.techaviator.demo.ScenarioComponents.RediffUserLogin.userLogin_Valid(RediffUserLogin.java:47)
	at sun.reflect.NativeMethodAccessorImpl.invoke0(Native Method)
	at sun.reflect.NativeMethodAccessorImpl.invoke(NativeMethodAccessorImpl.java:62)
	at sun.reflect.DelegatingMethodAccessorImpl.invoke(DelegatingMethodAccessorImpl.java:43)
	at java.lang.reflect.Method.invoke(Method.java:498)
	at org.testng.internal.MethodInvocationHelper.invokeMethod(MethodInvocationHelper.java:80)
	at org.testng.internal.Invoker.invokeMethod(Invoker.java:714)
	at org.testng.internal.Invoker.invokeTestMethod(Invoker.java:901)
	at org.testng.internal.Invoker.invokeTestMethods(Invoker.java:1231)
	at org.testng.internal.TestMethodWorker.invokeTestMethods(TestMethodWorker.java:127)
	at org.testng.internal.TestMethodWorker.run(TestMethodWorker.java:111)
	at org.testng.TestRunner.privateRun(TestRunner.java:767)
	at org.testng.TestRunner.run(TestRunner.java:617)
	at org.testng.SuiteRunner.runTest(SuiteRunner.java:334)
	at org.testng.SuiteRunner.runSequentially(SuiteRunner.java:329)
	at org.testng.SuiteRunner.privateRun(SuiteRunner.java:291)
	at org.testng.SuiteRunner.run(SuiteRunner.java:240)
	at org.testng.SuiteRunnerWorker.runSuite(SuiteRunnerWorker.java:52)
	at org.testng.SuiteRunnerWorker.run(SuiteRunnerWorker.java:86)
	at org.testng.TestNG.runSuitesSequentially(TestNG.java:1198)
	at org.testng.TestNG.runSuitesLocally(TestNG.java:1123)
	at org.testng.TestNG.run(TestNG.java:1031)
	at org.testng.remote.AbstractRemoteTestNG.run(AbstractRemoteTestNG.java:132)
	at org.testng.remote.RemoteTestNG.initAndRun(RemoteTestNG.java:236)
	at org.testng.remote.RemoteTestNG.main(RemoteTestNG.java:81)
]]>
            </full-stacktrace>
          </exception> <!-- java.lang.NullPointerException -->
          <reporter-output>
          </reporter-output>
        </test-method> <!-- userLogin_Valid -->
        <test-method status="PASS" signature="tearDown()[pri:0, instance:com.techaviator.demo.ScenarioComponents.RediffUserLogin@6093dd95]" name="tearDown" is-config="true" duration-ms="5937" started-at="2017-06-11T12:13:19Z" finished-at="2017-06-11T12:13:25Z">
          <reporter-output>
          </reporter-output>
        </test-method> <!-- tearDown -->
      </class> <!-- com.techaviator.demo.ScenarioComponents.RediffUserLogin -->
    </test> <!-- Default test -->
  </suite> <!-- Default suite -->
</testng-results>
